Arguments: 
  /usr/local/Cellar/node@12/12.18.2/bin/node /usr/local/Cellar/yarn/1.22.4/libexec/bin/yarn.js

PATH: 
  /usr/local/opt/node@12/bin:/usr/local/opt/node@12/bin:/Users/garyholland/.gvm/bin:/usr/local/bin:/Users/garyholland/.cargo/bin:/Library/Frameworks/Python.framework/Versions/3.6/bin:/usr/local/bin:/usr/bin:/bin:/usr/sbin:/sbin:/usr/local/go/bin:/usr/local/share/dotnet:~/.dotnet/tools:/Library/Apple/usr/bin:/Library/Frameworks/Mono.framework/Versions/Current/Commands:/usr/local/opt/node@12/bin:/Users/garyholland/.gvm/bin:/Users/garyholland/.cargo/bin:/Library/Frameworks/Python.framework/Versions/3.6/bin:/Users/garyholland/go/bin:/Users/garyholland/go/bin

Yarn version: 
  1.22.4

Node version: 
  12.18.2

Platform: 
  darwin x64

Trace: 
  Error: https://registry.yarnpkg.com/mazrs_wasm: Not found
      at Request.params.callback [as _callback] (/usr/local/Cellar/yarn/1.22.4/libexec/lib/cli.js:66987:18)
      at Request.self.callback (/usr/local/Cellar/yarn/1.22.4/libexec/lib/cli.js:140748:22)
      at Request.emit (events.js:315:20)
      at Request.<anonymous> (/usr/local/Cellar/yarn/1.22.4/libexec/lib/cli.js:141720:10)
      at Request.emit (events.js:315:20)
      at IncomingMessage.<anonymous> (/usr/local/Cellar/yarn/1.22.4/libexec/lib/cli.js:141642:12)
      at Object.onceWrapper (events.js:421:28)
      at IncomingMessage.emit (events.js:327:22)
      at endReadableNT (_stream_readable.js:1221:12)
      at processTicksAndRejections (internal/process/task_queues.js:84:21)

npm manifest: 
  {
  	"name": "www",
  	"version": "1.0.0",
  	"main": "index.js",
  	"license": "MIT",
  	"dependencies": {
  		"mazrs_wasm": "0.1.0"
  	},
  	"devDependencies": {
  		"webpack": "^4.25.1",
  		"webpack-cli": "^3.1.2",
  		"webpack-dev-server": "^3.1.10"
  	},
  	"scripts": {}
  }

yarn manifest: 
  No manifest

Lockfile: 
  No lockfile
